<?xml version="1.0" encoding="UTF-8"?>
<!-- Generated by org.testng.reporters.JUnitXMLReporter -->
<testsuite ignored="0" hostname="DESKTOP-8V9F6K1" failures="0" tests="2" name="TC02_LoginTest_With_CorrectUserId_Password" time="104.84" errors="0" timestamp="2025-04-20T03:39:26 IST">
  <testcase classname="com.rahul.testcases.TestSuite_99031.TC_02_LoginTest" name="RegistrationTest" time="26.201"/>
  <testcase classname="com.rahul.testcases.TestSuite_99031.TC_02_LoginTest" name="loginTestCorrectPassword" time="7.239"/>
</testsuite> <!-- TC02_LoginTest_With_CorrectUserId_Password -->
