<?xml version="1.0" encoding="UTF-8"?>
<!-- Generated by org.testng.reporters.JUnitXMLReporter -->
<testsuite ignored="0" hostname="DESKTOP-8V9F6K1" failures="0" tests="2" name="TC03" time="19.672" errors="0" timestamp="2025-05-17T11:52:16 IST">
  <testcase classname="com.rahul.testcases.TestSuite_99031.TC_03_LoginTest" name="loginTestMethod_IncorrectUsridPassword" time="7.228"/>
  <testcase classname="com.rahul.testcases.TestSuite_99031.TC_03_LoginTest" name="loginTestMethod_IncorrectUsridPassword" time="7.206"/>
</testsuite> <!-- TC03 -->
